Vivado Simulator v2022.1
Copyright 1986-1999, 2001-2022 Xilinx, Inc. All Rights Reserved.
Running: C:/Xilinx/Vivado/2022.1/bin/unwrapped/win64.o/xelab.exe --incr --debug typical --relax --mt 2 -L xil_defaultlib -L unisims_ver -L unimacro_ver -L secureip --snapshot tb_PE_top_behav xil_defaultlib.tb_PE_top xil_defaultlib.glbl -log elaborate.log 
Using 2 slave threads.
Starting static elaboration
Pass Through NonSizing Optimizer
WARNING: [VRFC 10-3091] actual bit length 8 differs from formal bit length 5 for port 'ra' [C:/LAB/Project-Graduation/Project-Graduation/work_BH/eyeriss_0403/eyeriss_0403.srcs/sources_1/imports/sources/PE_datapath.v:59]
WARNING: [VRFC 10-3091] actual bit length 8 differs from formal bit length 5 for port 'wa' [C:/LAB/Project-Graduation/Project-Graduation/work_BH/eyeriss_0403/eyeriss_0403.srcs/sources_1/imports/sources/PE_datapath.v:62]
Completed static elaboration
Starting simulation data flow analysis
Completed simulation data flow analysis
Time Resolution for simulation is 1ps
Compiling module xil_defaultlib.PE_control(P=6)
Compiling module xil_defaultlib.RF(DATA_BITWIDTH=16,ADDR_BITWIDT...
Compiling module xil_defaultlib.SPad(ADDR_BITWIDTH=5)
Compiling module xil_defaultlib.RF_default
Compiling module xil_defaultlib.PE_datapath
Compiling module xil_defaultlib.PE_top
Compiling module xil_defaultlib.tb_PE_top
Compiling module xil_defaultlib.glbl
Built simulation snapshot tb_PE_top_behav
