Vivado Simulator v2022.1
Copyright 1986-1999, 2001-2022 Xilinx, Inc. All Rights Reserved.
Running: C:/Xilinx/Vivado/2022.1/bin/unwrapped/win64.o/xelab.exe --incr --debug typical --relax --mt 2 -L xil_defaultlib -L unisims_ver -L unimacro_ver -L secureip --snapshot tb_PE_top_behav xil_defaultlib.tb_PE_top xil_defaultlib.glbl -log elaborate.log 
Using 2 slave threads.
Starting static elaboration
Pass Through NonSizing Optimizer
Completed static elaboration
Starting simulation data flow analysis
WARNING: [XSIM 43-4099] "C:/LAB/Project_Graduation/Project-Graduation/work_BH/eyeriss_0509/eyeriss_0509.srcs/sources_1/imports/sources/RF.v" Line 2. Module RF(ADDR_BITWIDTH=4) doesn't have a timescale but at least one module in design has a timescale.
WARNING: [XSIM 43-4099] "C:/LAB/Project_Graduation/Project-Graduation/work_BH/eyeriss_0509/eyeriss_0509.srcs/sources_1/imports/sources/RF.v" Line 2. Module RF_default doesn't have a timescale but at least one module in design has a timescale.
WARNING: [XSIM 43-4099] "C:/LAB/Project_Graduation/Project-Graduation/work_BH/eyeriss_0509/eyeriss_0509.srcs/sources_1/imports/sources/RF.v" Line 2. Module RF(ADDR_BITWIDTH=4) doesn't have a timescale but at least one module in design has a timescale.
WARNING: [XSIM 43-4099] "C:/LAB/Project_Graduation/Project-Graduation/work_BH/eyeriss_0509/eyeriss_0509.srcs/sources_1/imports/sources/RF.v" Line 2. Module RF_default doesn't have a timescale but at least one module in design has a timescale.
Completed simulation data flow analysis
Time Resolution for simulation is 1ps
Compiling module xil_defaultlib.fifo_default
Compiling module xil_defaultlib.PE_control(WGHT_ADDR_BITWIDTH=7,...
Compiling module xil_defaultlib.RF(ADDR_BITWIDTH=4)
Compiling module xil_defaultlib.rams_dist_default
Compiling module xil_defaultlib.RF_default
Compiling module xil_defaultlib.PE_datapath
Compiling module xil_defaultlib.PE_top
Compiling module xil_defaultlib.tb_PE_top
Compiling module xil_defaultlib.glbl
Built simulation snapshot tb_PE_top_behav
